EDA Netlist Writer report for MOA
Fri Sep 28 17:40:27 2018
Quartus Prime Version 18.0.0 Build 614 04/24/2018 SJ Standard Edition


---------------------
; Table of Contents ;
---------------------
  1. Legal Notice
  2. EDA Netlist Writer Summary
  3. Simulation Settings
  4. Simulation Generated Files
  5. EDA Netlist Writer Messages



----------------
; Legal Notice ;
----------------
Copyright (C) 2018  Intel Corporation. All rights reserved.
Your use of Intel Corporation's design tools, logic functions 
and other software and tools, and its AMPP partner logic 
functions, and any output files from any of the foregoing 
(including device programming or simulation files), and any 
associated documentation or information are expressly subject 
to the terms and conditions of the Intel Program License 
Subscription Agreement, the Intel Quartus Prime License Agreement,
the Intel FPGA IP License Agreement, or other applicable license
agreement, including, without limitation, that your use is for
the sole purpose of programming logic devices manufactured by
Intel and sold by Intel or its authorized distributors.  Please
refer to the applicable agreement for further details.



+-------------------------------------------------------------------+
; EDA Netlist Writer Summary                                        ;
+---------------------------+---------------------------------------+
; EDA Netlist Writer Status ; Successful - Fri Sep 28 17:40:27 2018 ;
; Revision Name             ; MOA                                   ;
; Top-level Entity Name     ; MOA                                   ;
; Family                    ; Cyclone V                             ;
; Simulation Files Creation ; Successful                            ;
+---------------------------+---------------------------------------+


+-----------------------------------------------------------------------------------------------------------------------------------------------------+
; Simulation Settings                                                                                                                                 ;
+---------------------------------------------------------------------------------------------------+-------------------------------------------------+
; Option                                                                                            ; Setting                                         ;
+---------------------------------------------------------------------------------------------------+-------------------------------------------------+
; Tool Name                                                                                         ; ModelSim-Altera (Verilog)                       ;
; Generate functional simulation netlist                                                            ; Off                                             ;
; Time scale                                                                                        ; 1 ps                                            ;
; Truncate long hierarchy paths                                                                     ; Off                                             ;
; Map illegal HDL characters                                                                        ; On                                              ;
; Flatten buses into individual nodes                                                               ; Off                                             ;
; Maintain hierarchy                                                                                ; Off                                             ;
; Bring out device-wide set/reset signals as ports                                                  ; Off                                             ;
; Enable glitch filtering                                                                           ; On                                              ;
; Generate Power Estimate Scripts                                                                   ; All output signals except combinational outputs ;
; Test Bench design instance name                                                                   ; MOA                                             ;
; Do not write top level VHDL entity                                                                ; Off                                             ;
; Disable detection of setup and hold time violations in the input registers of bi-directional pins ; Off                                             ;
; Architecture name in VHDL output netlist                                                          ; structure                                       ;
; Generate third-party EDA tool command script for RTL functional simulation                        ; Off                                             ;
; Generate third-party EDA tool command script for gate-level simulation                            ; Off                                             ;
+---------------------------------------------------------------------------------------------------+-------------------------------------------------+


+-----------------------------------------------------------------------------------------------------+
; Simulation Generated Files                                                                          ;
+-----------------------------------------------------------------------------------------------------+
; Generated Files                                                                                     ;
+-----------------------------------------------------------------------------------------------------+
; /home/kamel/dev/Multi-Operand-Adder/quartus/Pipeline/simulation/modelsim/MOA.vo                     ;
; /home/kamel/dev/Multi-Operand-Adder/quartus/Pipeline/simulation/modelsim/MOA_dump_all_vcd_nodes.tcl ;
+-----------------------------------------------------------------------------------------------------+


+-----------------------------+
; EDA Netlist Writer Messages ;
+-----------------------------+
Info: *******************************************************************
Info: Running Quartus Prime EDA Netlist Writer
    Info: Version 18.0.0 Build 614 04/24/2018 SJ Standard Edition
    Info: Processing started: Fri Sep 28 17:40:26 2018
Info: Command: quartus_eda --read_settings_files=on --write_settings_files=off MOA -c MOA
Warning (18236): Number of processors has not been specified which may cause overloading on shared machines.  Set the global assignment NUM_PARALLEL_PROCESSORS in your QSF to an appropriate value for best performance.
Warning (10905): Generated the EDA functional simulation netlist because it is the only supported netlist type for this device.
Info (204001): Port "in_data[9][0]" is changed into "in_data_9_0" because it's a member of 2-D array port "in_data" File: /home/kamel/dev/Multi-Operand-Adder/src/Pipeline/MOA.vhd Line: 18
Info (204001): Port "in_data[9][1]" is changed into "in_data_9_1" because it's a member of 2-D array port "in_data" File: /home/kamel/dev/Multi-Operand-Adder/src/Pipeline/MOA.vhd Line: 18
Info (204001): Port "in_data[9][2]" is changed into "in_data_9_2" because it's a member of 2-D array port "in_data" File: /home/kamel/dev/Multi-Operand-Adder/src/Pipeline/MOA.vhd Line: 18
Info (204001): Port "in_data[9][3]" is changed into "in_data_9_3" because it's a member of 2-D array port "in_data" File: /home/kamel/dev/Multi-Operand-Adder/src/Pipeline/MOA.vhd Line: 18
Info (204001): Port "in_data[9][4]" is changed into "in_data_9_4" because it's a member of 2-D array port "in_data" File: /home/kamel/dev/Multi-Operand-Adder/src/Pipeline/MOA.vhd Line: 18
Info (204001): Port "in_data[9][5]" is changed into "in_data_9_5" because it's a member of 2-D array port "in_data" File: /home/kamel/dev/Multi-Operand-Adder/src/Pipeline/MOA.vhd Line: 18
Info (204001): Port "in_data[9][6]" is changed into "in_data_9_6" because it's a member of 2-D array port "in_data" File: /home/kamel/dev/Multi-Operand-Adder/src/Pipeline/MOA.vhd Line: 18
Info (204001): Port "in_data[9][7]" is changed into "in_data_9_7" because it's a member of 2-D array port "in_data" File: /home/kamel/dev/Multi-Operand-Adder/src/Pipeline/MOA.vhd Line: 18
Info (204001): Port "in_data[8][0]" is changed into "in_data_8_0" because it's a member of 2-D array port "in_data" File: /home/kamel/dev/Multi-Operand-Adder/src/Pipeline/MOA.vhd Line: 18
Info (204001): Port "in_data[8][1]" is changed into "in_data_8_1" because it's a member of 2-D array port "in_data" File: /home/kamel/dev/Multi-Operand-Adder/src/Pipeline/MOA.vhd Line: 18
Info (204001): Port "in_data[8][2]" is changed into "in_data_8_2" because it's a member of 2-D array port "in_data" File: /home/kamel/dev/Multi-Operand-Adder/src/Pipeline/MOA.vhd Line: 18
Info (204001): Port "in_data[8][3]" is changed into "in_data_8_3" because it's a member of 2-D array port "in_data" File: /home/kamel/dev/Multi-Operand-Adder/src/Pipeline/MOA.vhd Line: 18
Info (204001): Port "in_data[8][4]" is changed into "in_data_8_4" because it's a member of 2-D array port "in_data" File: /home/kamel/dev/Multi-Operand-Adder/src/Pipeline/MOA.vhd Line: 18
Info (204001): Port "in_data[8][5]" is changed into "in_data_8_5" because it's a member of 2-D array port "in_data" File: /home/kamel/dev/Multi-Operand-Adder/src/Pipeline/MOA.vhd Line: 18
Info (204001): Port "in_data[8][6]" is changed into "in_data_8_6" because it's a member of 2-D array port "in_data" File: /home/kamel/dev/Multi-Operand-Adder/src/Pipeline/MOA.vhd Line: 18
Info (204001): Port "in_data[8][7]" is changed into "in_data_8_7" because it's a member of 2-D array port "in_data" File: /home/kamel/dev/Multi-Operand-Adder/src/Pipeline/MOA.vhd Line: 18
Info (204001): Port "in_data[7][0]" is changed into "in_data_7_0" because it's a member of 2-D array port "in_data" File: /home/kamel/dev/Multi-Operand-Adder/src/Pipeline/MOA.vhd Line: 18
Info (204001): Port "in_data[7][1]" is changed into "in_data_7_1" because it's a member of 2-D array port "in_data" File: /home/kamel/dev/Multi-Operand-Adder/src/Pipeline/MOA.vhd Line: 18
Info (204001): Port "in_data[7][2]" is changed into "in_data_7_2" because it's a member of 2-D array port "in_data" File: /home/kamel/dev/Multi-Operand-Adder/src/Pipeline/MOA.vhd Line: 18
Info (204001): Port "in_data[7][3]" is changed into "in_data_7_3" because it's a member of 2-D array port "in_data" File: /home/kamel/dev/Multi-Operand-Adder/src/Pipeline/MOA.vhd Line: 18
Info (204001): Port "in_data[7][4]" is changed into "in_data_7_4" because it's a member of 2-D array port "in_data" File: /home/kamel/dev/Multi-Operand-Adder/src/Pipeline/MOA.vhd Line: 18
Info (204001): Port "in_data[7][5]" is changed into "in_data_7_5" because it's a member of 2-D array port "in_data" File: /home/kamel/dev/Multi-Operand-Adder/src/Pipeline/MOA.vhd Line: 18
Info (204001): Port "in_data[7][6]" is changed into "in_data_7_6" because it's a member of 2-D array port "in_data" File: /home/kamel/dev/Multi-Operand-Adder/src/Pipeline/MOA.vhd Line: 18
Info (204001): Port "in_data[7][7]" is changed into "in_data_7_7" because it's a member of 2-D array port "in_data" File: /home/kamel/dev/Multi-Operand-Adder/src/Pipeline/MOA.vhd Line: 18
Info (204001): Port "in_data[6][0]" is changed into "in_data_6_0" because it's a member of 2-D array port "in_data" File: /home/kamel/dev/Multi-Operand-Adder/src/Pipeline/MOA.vhd Line: 18
Info (204001): Port "in_data[6][1]" is changed into "in_data_6_1" because it's a member of 2-D array port "in_data" File: /home/kamel/dev/Multi-Operand-Adder/src/Pipeline/MOA.vhd Line: 18
Info (204001): Port "in_data[6][2]" is changed into "in_data_6_2" because it's a member of 2-D array port "in_data" File: /home/kamel/dev/Multi-Operand-Adder/src/Pipeline/MOA.vhd Line: 18
Info (204001): Port "in_data[6][3]" is changed into "in_data_6_3" because it's a member of 2-D array port "in_data" File: /home/kamel/dev/Multi-Operand-Adder/src/Pipeline/MOA.vhd Line: 18
Info (204001): Port "in_data[6][4]" is changed into "in_data_6_4" because it's a member of 2-D array port "in_data" File: /home/kamel/dev/Multi-Operand-Adder/src/Pipeline/MOA.vhd Line: 18
Info (204001): Port "in_data[6][5]" is changed into "in_data_6_5" because it's a member of 2-D array port "in_data" File: /home/kamel/dev/Multi-Operand-Adder/src/Pipeline/MOA.vhd Line: 18
Info (204001): Port "in_data[6][6]" is changed into "in_data_6_6" because it's a member of 2-D array port "in_data" File: /home/kamel/dev/Multi-Operand-Adder/src/Pipeline/MOA.vhd Line: 18
Info (204001): Port "in_data[6][7]" is changed into "in_data_6_7" because it's a member of 2-D array port "in_data" File: /home/kamel/dev/Multi-Operand-Adder/src/Pipeline/MOA.vhd Line: 18
Info (204001): Port "in_data[5][0]" is changed into "in_data_5_0" because it's a member of 2-D array port "in_data" File: /home/kamel/dev/Multi-Operand-Adder/src/Pipeline/MOA.vhd Line: 18
Info (204001): Port "in_data[5][1]" is changed into "in_data_5_1" because it's a member of 2-D array port "in_data" File: /home/kamel/dev/Multi-Operand-Adder/src/Pipeline/MOA.vhd Line: 18
Info (204001): Port "in_data[5][2]" is changed into "in_data_5_2" because it's a member of 2-D array port "in_data" File: /home/kamel/dev/Multi-Operand-Adder/src/Pipeline/MOA.vhd Line: 18
Info (204001): Port "in_data[5][3]" is changed into "in_data_5_3" because it's a member of 2-D array port "in_data" File: /home/kamel/dev/Multi-Operand-Adder/src/Pipeline/MOA.vhd Line: 18
Info (204001): Port "in_data[5][4]" is changed into "in_data_5_4" because it's a member of 2-D array port "in_data" File: /home/kamel/dev/Multi-Operand-Adder/src/Pipeline/MOA.vhd Line: 18
Info (204001): Port "in_data[5][5]" is changed into "in_data_5_5" because it's a member of 2-D array port "in_data" File: /home/kamel/dev/Multi-Operand-Adder/src/Pipeline/MOA.vhd Line: 18
Info (204001): Port "in_data[5][6]" is changed into "in_data_5_6" because it's a member of 2-D array port "in_data" File: /home/kamel/dev/Multi-Operand-Adder/src/Pipeline/MOA.vhd Line: 18
Info (204001): Port "in_data[5][7]" is changed into "in_data_5_7" because it's a member of 2-D array port "in_data" File: /home/kamel/dev/Multi-Operand-Adder/src/Pipeline/MOA.vhd Line: 18
Info (204001): Port "in_data[4][0]" is changed into "in_data_4_0" because it's a member of 2-D array port "in_data" File: /home/kamel/dev/Multi-Operand-Adder/src/Pipeline/MOA.vhd Line: 18
Info (204001): Port "in_data[4][1]" is changed into "in_data_4_1" because it's a member of 2-D array port "in_data" File: /home/kamel/dev/Multi-Operand-Adder/src/Pipeline/MOA.vhd Line: 18
Info (204001): Port "in_data[4][2]" is changed into "in_data_4_2" because it's a member of 2-D array port "in_data" File: /home/kamel/dev/Multi-Operand-Adder/src/Pipeline/MOA.vhd Line: 18
Info (204001): Port "in_data[4][3]" is changed into "in_data_4_3" because it's a member of 2-D array port "in_data" File: /home/kamel/dev/Multi-Operand-Adder/src/Pipeline/MOA.vhd Line: 18
Info (204001): Port "in_data[4][4]" is changed into "in_data_4_4" because it's a member of 2-D array port "in_data" File: /home/kamel/dev/Multi-Operand-Adder/src/Pipeline/MOA.vhd Line: 18
Info (204001): Port "in_data[4][5]" is changed into "in_data_4_5" because it's a member of 2-D array port "in_data" File: /home/kamel/dev/Multi-Operand-Adder/src/Pipeline/MOA.vhd Line: 18
Info (204001): Port "in_data[4][6]" is changed into "in_data_4_6" because it's a member of 2-D array port "in_data" File: /home/kamel/dev/Multi-Operand-Adder/src/Pipeline/MOA.vhd Line: 18
Info (204001): Port "in_data[4][7]" is changed into "in_data_4_7" because it's a member of 2-D array port "in_data" File: /home/kamel/dev/Multi-Operand-Adder/src/Pipeline/MOA.vhd Line: 18
Info (204001): Port "in_data[3][0]" is changed into "in_data_3_0" because it's a member of 2-D array port "in_data" File: /home/kamel/dev/Multi-Operand-Adder/src/Pipeline/MOA.vhd Line: 18
Info (204001): Port "in_data[3][1]" is changed into "in_data_3_1" because it's a member of 2-D array port "in_data" File: /home/kamel/dev/Multi-Operand-Adder/src/Pipeline/MOA.vhd Line: 18
Info (204001): Port "in_data[3][2]" is changed into "in_data_3_2" because it's a member of 2-D array port "in_data" File: /home/kamel/dev/Multi-Operand-Adder/src/Pipeline/MOA.vhd Line: 18
Info (204001): Port "in_data[3][3]" is changed into "in_data_3_3" because it's a member of 2-D array port "in_data" File: /home/kamel/dev/Multi-Operand-Adder/src/Pipeline/MOA.vhd Line: 18
Info (204001): Port "in_data[3][4]" is changed into "in_data_3_4" because it's a member of 2-D array port "in_data" File: /home/kamel/dev/Multi-Operand-Adder/src/Pipeline/MOA.vhd Line: 18
Info (204001): Port "in_data[3][5]" is changed into "in_data_3_5" because it's a member of 2-D array port "in_data" File: /home/kamel/dev/Multi-Operand-Adder/src/Pipeline/MOA.vhd Line: 18
Info (204001): Port "in_data[3][6]" is changed into "in_data_3_6" because it's a member of 2-D array port "in_data" File: /home/kamel/dev/Multi-Operand-Adder/src/Pipeline/MOA.vhd Line: 18
Info (204001): Port "in_data[3][7]" is changed into "in_data_3_7" because it's a member of 2-D array port "in_data" File: /home/kamel/dev/Multi-Operand-Adder/src/Pipeline/MOA.vhd Line: 18
Info (204001): Port "in_data[2][0]" is changed into "in_data_2_0" because it's a member of 2-D array port "in_data" File: /home/kamel/dev/Multi-Operand-Adder/src/Pipeline/MOA.vhd Line: 18
Info (204001): Port "in_data[2][1]" is changed into "in_data_2_1" because it's a member of 2-D array port "in_data" File: /home/kamel/dev/Multi-Operand-Adder/src/Pipeline/MOA.vhd Line: 18
Info (204001): Port "in_data[2][2]" is changed into "in_data_2_2" because it's a member of 2-D array port "in_data" File: /home/kamel/dev/Multi-Operand-Adder/src/Pipeline/MOA.vhd Line: 18
Info (204001): Port "in_data[2][3]" is changed into "in_data_2_3" because it's a member of 2-D array port "in_data" File: /home/kamel/dev/Multi-Operand-Adder/src/Pipeline/MOA.vhd Line: 18
Info (204001): Port "in_data[2][4]" is changed into "in_data_2_4" because it's a member of 2-D array port "in_data" File: /home/kamel/dev/Multi-Operand-Adder/src/Pipeline/MOA.vhd Line: 18
Info (204001): Port "in_data[2][5]" is changed into "in_data_2_5" because it's a member of 2-D array port "in_data" File: /home/kamel/dev/Multi-Operand-Adder/src/Pipeline/MOA.vhd Line: 18
Info (204001): Port "in_data[2][6]" is changed into "in_data_2_6" because it's a member of 2-D array port "in_data" File: /home/kamel/dev/Multi-Operand-Adder/src/Pipeline/MOA.vhd Line: 18
Info (204001): Port "in_data[2][7]" is changed into "in_data_2_7" because it's a member of 2-D array port "in_data" File: /home/kamel/dev/Multi-Operand-Adder/src/Pipeline/MOA.vhd Line: 18
Info (204001): Port "in_data[1][0]" is changed into "in_data_1_0" because it's a member of 2-D array port "in_data" File: /home/kamel/dev/Multi-Operand-Adder/src/Pipeline/MOA.vhd Line: 18
Info (204001): Port "in_data[1][1]" is changed into "in_data_1_1" because it's a member of 2-D array port "in_data" File: /home/kamel/dev/Multi-Operand-Adder/src/Pipeline/MOA.vhd Line: 18
Info (204001): Port "in_data[1][2]" is changed into "in_data_1_2" because it's a member of 2-D array port "in_data" File: /home/kamel/dev/Multi-Operand-Adder/src/Pipeline/MOA.vhd Line: 18
Info (204001): Port "in_data[1][3]" is changed into "in_data_1_3" because it's a member of 2-D array port "in_data" File: /home/kamel/dev/Multi-Operand-Adder/src/Pipeline/MOA.vhd Line: 18
Info (204001): Port "in_data[1][4]" is changed into "in_data_1_4" because it's a member of 2-D array port "in_data" File: /home/kamel/dev/Multi-Operand-Adder/src/Pipeline/MOA.vhd Line: 18
Info (204001): Port "in_data[1][5]" is changed into "in_data_1_5" because it's a member of 2-D array port "in_data" File: /home/kamel/dev/Multi-Operand-Adder/src/Pipeline/MOA.vhd Line: 18
Info (204001): Port "in_data[1][6]" is changed into "in_data_1_6" because it's a member of 2-D array port "in_data" File: /home/kamel/dev/Multi-Operand-Adder/src/Pipeline/MOA.vhd Line: 18
Info (204001): Port "in_data[1][7]" is changed into "in_data_1_7" because it's a member of 2-D array port "in_data" File: /home/kamel/dev/Multi-Operand-Adder/src/Pipeline/MOA.vhd Line: 18
Info (204001): Port "in_data[0][0]" is changed into "in_data_0_0" because it's a member of 2-D array port "in_data" File: /home/kamel/dev/Multi-Operand-Adder/src/Pipeline/MOA.vhd Line: 18
Info (204001): Port "in_data[0][1]" is changed into "in_data_0_1" because it's a member of 2-D array port "in_data" File: /home/kamel/dev/Multi-Operand-Adder/src/Pipeline/MOA.vhd Line: 18
Info (204001): Port "in_data[0][2]" is changed into "in_data_0_2" because it's a member of 2-D array port "in_data" File: /home/kamel/dev/Multi-Operand-Adder/src/Pipeline/MOA.vhd Line: 18
Info (204001): Port "in_data[0][3]" is changed into "in_data_0_3" because it's a member of 2-D array port "in_data" File: /home/kamel/dev/Multi-Operand-Adder/src/Pipeline/MOA.vhd Line: 18
Info (204001): Port "in_data[0][4]" is changed into "in_data_0_4" because it's a member of 2-D array port "in_data" File: /home/kamel/dev/Multi-Operand-Adder/src/Pipeline/MOA.vhd Line: 18
Info (204001): Port "in_data[0][5]" is changed into "in_data_0_5" because it's a member of 2-D array port "in_data" File: /home/kamel/dev/Multi-Operand-Adder/src/Pipeline/MOA.vhd Line: 18
Info (204001): Port "in_data[0][6]" is changed into "in_data_0_6" because it's a member of 2-D array port "in_data" File: /home/kamel/dev/Multi-Operand-Adder/src/Pipeline/MOA.vhd Line: 18
Info (204001): Port "in_data[0][7]" is changed into "in_data_0_7" because it's a member of 2-D array port "in_data" File: /home/kamel/dev/Multi-Operand-Adder/src/Pipeline/MOA.vhd Line: 18
Info (204019): Generated file MOA.vo in folder "/home/kamel/dev/Multi-Operand-Adder/quartus/Pipeline/simulation/modelsim/" for EDA simulation tool
Info (204020): Writing VCD Dump Commands for all nodes to /home/kamel/dev/Multi-Operand-Adder/quartus/Pipeline/simulation/modelsim/MOA_dump_all_vcd_nodes.tcl
Info: Quartus Prime EDA Netlist Writer was successful. 0 errors, 2 warnings
    Info: Peak virtual memory: 1141 megabytes
    Info: Processing ended: Fri Sep 28 17:40:27 2018
    Info: Elapsed time: 00:00:01
    Info: Total CPU time (on all processors): 00:00:01


